2018-07-21 20:59:15,360 ERROR: Exception on /user/namtus/popup [GET] [in d:\python_projects\flask\venv\lib\site-packages\flask\app.py:1761]
Traceback (most recent call last):
  File "d:\python_projects\flask\venv\lib\site-packages\flask\app.py", line 2292, in wsgi_app
    response = self.full_dispatch_request()
  File "d:\python_projects\flask\venv\lib\site-packages\flask\app.py", line 1815, in full_dispatch_request
    rv = self.handle_user_exception(e)
  File "d:\python_projects\flask\venv\lib\site-packages\flask\app.py", line 1718, in handle_user_exception
    reraise(exc_type, exc_value, tb)
  File "d:\python_projects\flask\venv\lib\site-packages\flask\_compat.py", line 35, in reraise
    raise value
  File "d:\python_projects\flask\venv\lib\site-packages\flask\app.py", line 1813, in full_dispatch_request
    rv = self.dispatch_request()
  File "d:\python_projects\flask\venv\lib\site-packages\flask\app.py", line 1799, in dispatch_request
    return self.view_functions[rule.endpoint](**req.view_args)
  File "d:\python_projects\flask\venv\lib\site-packages\flask_login\utils.py", line 261, in decorated_view
    return func(*args, **kwargs)
  File "D:\python_projects\flask\app\main\routes.py", line 170, in user_popup
    return render_template('user_popup.html', user=user)
  File "d:\python_projects\flask\venv\lib\site-packages\flask\templating.py", line 134, in render_template
    return _render(ctx.app.jinja_env.get_or_select_template(template_name_or_list),
  File "d:\python_projects\flask\venv\lib\site-packages\jinja2\environment.py", line 869, in get_or_select_template
    return self.get_template(template_name_or_list, parent, globals)
  File "d:\python_projects\flask\venv\lib\site-packages\jinja2\environment.py", line 830, in get_template
    return self._load_template(name, self.make_globals(globals))
  File "d:\python_projects\flask\venv\lib\site-packages\jinja2\environment.py", line 804, in _load_template
    template = self.loader.load(self, name, globals)
  File "d:\python_projects\flask\venv\lib\site-packages\jinja2\loaders.py", line 125, in load
    code = environment.compile(source, name, filename)
  File "d:\python_projects\flask\venv\lib\site-packages\jinja2\environment.py", line 591, in compile
    self.handle_exception(exc_info, source_hint=source_hint)
  File "d:\python_projects\flask\venv\lib\site-packages\jinja2\environment.py", line 780, in handle_exception
    reraise(exc_type, exc_value, tb)
  File "d:\python_projects\flask\venv\lib\site-packages\jinja2\_compat.py", line 37, in reraise
    raise value.with_traceback(tb)
  File "D:\python_projects\flask\app\templates\user_popup.html", line 6, in template
    <a href="{{url_for('main.user', username=user.name}}">
  File "d:\python_projects\flask\venv\lib\site-packages\jinja2\environment.py", line 497, in _parse
    return Parser(self, source, name, encode_filename(filename)).parse()
  File "d:\python_projects\flask\venv\lib\site-packages\jinja2\parser.py", line 901, in parse
    result = nodes.Template(self.subparse(), lineno=1)
  File "d:\python_projects\flask\venv\lib\site-packages\jinja2\parser.py", line 875, in subparse
    add_data(self.parse_tuple(with_condexpr=True))
  File "d:\python_projects\flask\venv\lib\site-packages\jinja2\parser.py", line 620, in parse_tuple
    args.append(parse())
  File "d:\python_projects\flask\venv\lib\site-packages\jinja2\parser.py", line 432, in parse_expression
    return self.parse_condexpr()
  File "d:\python_projects\flask\venv\lib\site-packages\jinja2\parser.py", line 437, in parse_condexpr
    expr1 = self.parse_or()
  File "d:\python_projects\flask\venv\lib\site-packages\jinja2\parser.py", line 450, in parse_or
    left = self.parse_and()
  File "d:\python_projects\flask\venv\lib\site-packages\jinja2\parser.py", line 459, in parse_and
    left = self.parse_not()
  File "d:\python_projects\flask\venv\lib\site-packages\jinja2\parser.py", line 470, in parse_not
    return self.parse_compare()
  File "d:\python_projects\flask\venv\lib\site-packages\jinja2\parser.py", line 474, in parse_compare
    expr = self.parse_math1()
  File "d:\python_projects\flask\venv\lib\site-packages\jinja2\parser.py", line 496, in parse_math1
    left = self.parse_concat()
  File "d:\python_projects\flask\venv\lib\site-packages\jinja2\parser.py", line 507, in parse_concat
    args = [self.parse_math2()]
  File "d:\python_projects\flask\venv\lib\site-packages\jinja2\parser.py", line 517, in parse_math2
    left = self.parse_pow()
  File "d:\python_projects\flask\venv\lib\site-packages\jinja2\parser.py", line 528, in parse_pow
    left = self.parse_unary()
  File "d:\python_projects\flask\venv\lib\site-packages\jinja2\parser.py", line 547, in parse_unary
    node = self.parse_postfix(node)
  File "d:\python_projects\flask\venv\lib\site-packages\jinja2\parser.py", line 676, in parse_postfix
    node = self.parse_call(node)
  File "d:\python_projects\flask\venv\lib\site-packages\jinja2\parser.py", line 785, in parse_call
    value = self.parse_expression()
  File "d:\python_projects\flask\venv\lib\site-packages\jinja2\parser.py", line 432, in parse_expression
    return self.parse_condexpr()
  File "d:\python_projects\flask\venv\lib\site-packages\jinja2\parser.py", line 437, in parse_condexpr
    expr1 = self.parse_or()
  File "d:\python_projects\flask\venv\lib\site-packages\jinja2\parser.py", line 450, in parse_or
    left = self.parse_and()
  File "d:\python_projects\flask\venv\lib\site-packages\jinja2\parser.py", line 459, in parse_and
    left = self.parse_not()
  File "d:\python_projects\flask\venv\lib\site-packages\jinja2\parser.py", line 470, in parse_not
    return self.parse_compare()
  File "d:\python_projects\flask\venv\lib\site-packages\jinja2\parser.py", line 474, in parse_compare
    expr = self.parse_math1()
  File "d:\python_projects\flask\venv\lib\site-packages\jinja2\parser.py", line 496, in parse_math1
    left = self.parse_concat()
  File "d:\python_projects\flask\venv\lib\site-packages\jinja2\parser.py", line 507, in parse_concat
    args = [self.parse_math2()]
  File "d:\python_projects\flask\venv\lib\site-packages\jinja2\parser.py", line 517, in parse_math2
    left = self.parse_pow()
  File "d:\python_projects\flask\venv\lib\site-packages\jinja2\parser.py", line 528, in parse_pow
    left = self.parse_unary()
  File "d:\python_projects\flask\venv\lib\site-packages\jinja2\parser.py", line 547, in parse_unary
    node = self.parse_postfix(node)
  File "d:\python_projects\flask\venv\lib\site-packages\jinja2\parser.py", line 672, in parse_postfix
    node = self.parse_subscript(node)
  File "d:\python_projects\flask\venv\lib\site-packages\jinja2\parser.py", line 700, in parse_subscript
    next(self.stream)
  File "d:\python_projects\flask\venv\lib\site-packages\jinja2\lexer.py", line 359, in __next__
    self.current = next(self._iter)
  File "d:\python_projects\flask\venv\lib\site-packages\jinja2\lexer.py", line 562, in wrap
    for lineno, token, value in stream:
  File "d:\python_projects\flask\venv\lib\site-packages\jinja2\lexer.py", line 690, in tokeniter
    filename)
jinja2.exceptions.TemplateSyntaxError: unexpected '}', expected ')'
2018-07-23 14:07:07,540 INFO: Microblog startup [in D:\python_projects\flask\app\__init__.py:76]
2018-08-05 17:26:17,941 INFO: Microblog startup [in D:\python_projects\flask\app\__init__.py:76]
2018-08-05 17:26:18,111 INFO: Microblog startup [in D:\python_projects\flask\app\__init__.py:76]
2018-08-05 17:26:18,111 INFO: Microblog startup [in D:\python_projects\flask\app\__init__.py:76]
2018-08-05 17:26:18,183 INFO: Microblog startup [in D:\python_projects\flask\app\__init__.py:76]
2018-08-05 17:26:18,183 INFO: Microblog startup [in D:\python_projects\flask\app\__init__.py:76]
2018-08-05 17:26:18,183 INFO: Microblog startup [in D:\python_projects\flask\app\__init__.py:76]
2018-08-05 17:26:31,192 INFO: Microblog startup [in D:\python_projects\flask\app\__init__.py:76]
2018-08-05 17:26:37,414 INFO: Microblog startup [in D:\python_projects\flask\app\__init__.py:76]
2018-08-05 17:26:37,414 INFO: Microblog startup [in D:\python_projects\flask\app\__init__.py:76]
2018-08-05 17:26:37,414 INFO: Microblog startup [in D:\python_projects\flask\app\__init__.py:76]
2018-08-05 17:26:37,414 INFO: Microblog startup [in D:\python_projects\flask\app\__init__.py:76]
2018-08-06 13:51:04,347 INFO: Microblog startup [in D:\python_projects\flask\app\__init__.py:76]
2018-08-06 13:51:33,501 INFO: Microblog startup [in D:\python_projects\flask\app\__init__.py:76]
2018-08-06 19:11:51,854 INFO: Microblog startup [in D:\python_projects\flask\app\__init__.py:76]
2018-08-06 19:12:01,193 INFO: Microblog startup [in D:\python_projects\flask\app\__init__.py:76]
2018-08-06 19:12:16,063 INFO: Microblog startup [in D:\python_projects\flask\app\__init__.py:76]
2018-08-06 19:13:45,567 INFO: Microblog startup [in D:\python_projects\flask\app\__init__.py:76]
2018-08-07 12:57:21,211 INFO: Microblog startup [in D:\python_projects\flask\app\__init__.py:76]
